TN:
SF:src/modules/accounts/entities/User.ts
FN:30,User
FNF:1
FNH:1
FNDA:2,User
DA:1,1
DA:2,1
DA:3,1
DA:4,1
DA:5,1
DA:6,1
DA:7,1
DA:8,1
DA:9,1
DA:10,1
DA:11,1
DA:12,1
DA:13,1
DA:14,1
DA:15,1
DA:16,1
DA:17,1
DA:18,1
DA:19,1
DA:20,1
DA:21,1
DA:22,1
DA:23,1
DA:24,1
DA:25,1
DA:26,1
DA:27,1
DA:28,1
DA:29,1
DA:30,1
DA:31,2
DA:32,2
DA:33,2
DA:34,2
DA:35,1
DA:36,1
DA:37,1
LF:37
LH:37
BRDA:5,0,0,1
BRDA:30,1,0,2
BRF:2
BRH:2
end_of_record
TN:
SF:src/modules/accounts/repositories/in-memory/UsersRepositoryInMemory.ts
FN:5,UsersRepositoryInMemory
FN:8,Object.<anonymous>.UsersRepositoryInMemory.create
FN:20,Object.<anonymous>.UsersRepositoryInMemory.findByEmail
FN:25,Object.<anonymous>.UsersRepositoryInMemory.findById
FNF:4
FNH:3
FNDA:3,UsersRepositoryInMemory
FNDA:2,Object.<anonymous>.UsersRepositoryInMemory.create
FNDA:5,Object.<anonymous>.UsersRepositoryInMemory.findByEmail
FNDA:0,Object.<anonymous>.UsersRepositoryInMemory.findById
DA:1,1
DA:2,1
DA:3,1
DA:4,1
DA:5,3
DA:6,3
DA:7,3
DA:8,3
DA:9,2
DA:10,2
DA:11,2
DA:12,2
DA:13,2
DA:14,2
DA:15,2
DA:16,2
DA:17,2
DA:18,2
DA:19,2
DA:20,3
DA:21,5
DA:22,5
DA:23,5
DA:24,5
DA:25,3
DA:26,0
DA:27,0
DA:28,0
DA:29,0
DA:30,3
DA:31,1
DA:32,1
LF:32
LH:28
BRDA:5,0,0,1
BRDA:5,1,0,3
BRDA:8,2,0,2
BRDA:20,3,0,5
BRDA:21,4,0,2
BRF:5
BRH:5
end_of_record
TN:
SF:src/modules/accounts/useCases/createAuthentication/AuthenticateUserUseCase.ts
FN:23,AuthenticateUserUseCase
FN:27,Object.<anonymous>.AuthenticateUserUseCase.execute
FNF:2
FNH:2
FNDA:3,AuthenticateUserUseCase
FNDA:3,Object.<anonymous>.AuthenticateUserUseCase.execute
DA:1,1
DA:2,1
DA:3,1
DA:4,1
DA:5,1
DA:6,1
DA:7,1
DA:8,1
DA:9,1
DA:10,1
DA:11,1
DA:12,1
DA:13,1
DA:14,1
DA:15,1
DA:16,1
DA:17,1
DA:18,1
DA:19,1
DA:20,1
DA:21,1
DA:22,1
DA:23,1
DA:24,3
DA:25,3
DA:26,3
DA:27,1
DA:28,3
DA:29,3
DA:30,3
DA:31,1
DA:32,1
DA:33,2
DA:34,2
DA:35,3
DA:36,3
DA:37,1
DA:38,1
DA:39,1
DA:40,1
DA:41,1
DA:42,1
DA:43,1
DA:44,1
DA:45,1
DA:46,1
DA:47,1
DA:48,1
DA:49,1
DA:50,1
DA:51,1
DA:52,1
DA:53,1
DA:54,3
DA:55,1
DA:56,1
DA:57,1
LF:57
LH:57
BRDA:22,0,0,1
BRDA:23,1,0,3
BRDA:27,2,0,3
BRDA:28,3,0,3
BRDA:30,4,0,1
BRDA:33,5,0,2
BRDA:36,6,0,1
BRF:7
BRH:7
end_of_record
TN:
SF:src/modules/accounts/useCases/createUser/CreateUserUseCase.ts
FN:10,CreateUserUseCase
FN:15,Object.<anonymous>.CreateUserUseCase.execute
FNF:2
FNH:2
FNDA:3,CreateUserUseCase
FNDA:2,Object.<anonymous>.CreateUserUseCase.execute
DA:1,1
DA:2,1
DA:3,1
DA:4,1
DA:5,1
DA:6,1
DA:7,1
DA:8,1
DA:9,1
DA:10,1
DA:11,3
DA:12,3
DA:13,3
DA:14,1
DA:15,1
DA:16,2
DA:17,2
DA:18,2
DA:19,2
DA:20,2
DA:21,2
DA:22,2
DA:23,2
DA:24,0
DA:25,0
DA:26,2
DA:27,2
DA:28,2
DA:29,2
DA:30,2
DA:31,2
DA:32,2
DA:33,2
DA:34,2
DA:35,1
DA:36,1
DA:37,1
LF:37
LH:35
BRDA:9,0,0,1
BRDA:10,1,0,3
BRDA:15,2,0,2
BRDA:21,3,0,2
BRDA:23,4,0,0
BRF:5
BRH:4
end_of_record
TN:
SF:src/modules/cars/entities/Category.ts
FN:18,Category
FNF:1
FNH:1
FNDA:2,Category
DA:1,1
DA:2,1
DA:3,1
DA:4,1
DA:5,1
DA:6,1
DA:7,1
DA:8,1
DA:9,1
DA:10,1
DA:11,1
DA:12,1
DA:13,1
DA:14,1
DA:15,1
DA:16,1
DA:17,1
DA:18,1
DA:19,2
DA:20,2
DA:21,2
DA:22,2
DA:23,1
DA:24,1
DA:25,1
LF:25
LH:25
BRDA:5,0,0,1
BRDA:18,1,0,2
BRF:2
BRH:2
end_of_record
TN:
SF:src/modules/cars/repositories/in-memory/CategoriesRepositoryInMemory.ts
FN:7,CategoriesRepositoryInMemory
FN:10,Object.<anonymous>.CategoriesRepositoryInMemory.create
FN:21,Object.<anonymous>.CategoriesRepositoryInMemory.list
FN:27,Object.<anonymous>.CategoriesRepositoryInMemory.findByName
FNF:4
FNH:3
FNDA:2,CategoriesRepositoryInMemory
FNDA:2,Object.<anonymous>.CategoriesRepositoryInMemory.create
FNDA:0,Object.<anonymous>.CategoriesRepositoryInMemory.list
FNDA:4,Object.<anonymous>.CategoriesRepositoryInMemory.findByName
DA:1,1
DA:2,1
DA:3,1
DA:4,1
DA:5,1
DA:6,1
DA:7,2
DA:8,2
DA:9,2
DA:10,2
DA:11,2
DA:12,2
DA:13,2
DA:14,2
DA:15,2
DA:16,2
DA:17,2
DA:18,2
DA:19,2
DA:20,2
DA:21,2
DA:22,0
DA:23,0
DA:24,0
DA:25,0
DA:26,2
DA:27,2
DA:28,4
DA:29,4
DA:30,4
DA:31,4
DA:32,2
DA:33,1
DA:34,1
LF:34
LH:30
BRDA:7,0,0,1
BRDA:7,1,0,2
BRDA:10,2,0,2
BRDA:27,3,0,4
BRDA:28,4,0,2
BRF:5
BRH:5
end_of_record
TN:
SF:src/modules/cars/useCases/createCategory/CreateCategoryUseCase.ts
FN:13,CreateCategoryUseCase
FN:18,Object.<anonymous>.CreateCategoryUseCase.execute
FNF:2
FNH:2
FNDA:2,CreateCategoryUseCase
FNDA:3,Object.<anonymous>.CreateCategoryUseCase.execute
DA:1,1
DA:2,1
DA:3,1
DA:4,1
DA:5,1
DA:6,1
DA:7,1
DA:8,1
DA:9,1
DA:10,1
DA:11,1
DA:12,1
DA:13,1
DA:14,2
DA:15,2
DA:16,2
DA:17,1
DA:18,1
DA:19,3
DA:20,3
DA:21,3
DA:22,3
DA:23,3
DA:24,1
DA:25,1
DA:26,3
DA:27,3
DA:28,3
DA:29,1
DA:30,1
DA:31,1
LF:31
LH:31
BRDA:12,0,0,1
BRDA:13,1,0,2
BRDA:18,2,0,3
BRDA:19,3,0,3
BRDA:23,4,0,1
BRF:5
BRH:5
end_of_record
TN:
SF:src/shared/errors/AppError.ts
FN:6,AppError
FNF:1
FNH:1
FNDA:6,AppError
DA:1,2
DA:2,2
DA:3,2
DA:4,2
DA:5,2
DA:6,2
DA:7,6
DA:8,6
DA:9,6
DA:10,2
LF:10
LH:10
BRDA:1,0,0,2
BRDA:6,1,0,6
BRF:2
BRH:2
end_of_record
